#
# A fatal error has been detected by the Java Runtime Environment:
#
#  SIGSEGV (0xb) at pc=0x00007fff74507d09, pid=52029, tid=0x0000000000002703
#
# JRE version: Java(TM) SE Runtime Environment (8.0_131-b11) (build 1.8.0_131-b11)
# Java VM: Java HotSpot(TM) 64-Bit Server VM (25.131-b11 mixed mode bsd-amd64 compressed oops)
# Problematic frame:
# C  [libsystem_platform.dylib+0x1d09]  _platform_memmove$VARIANT$Haswell+0x29
#
# Failed to write core dump. Core dumps have been disabled. To enable core dumping, try "ulimit -c unlimited" before starting Java again
#
# If you would like to submit a bug report, please visit:
#   http://bugreport.java.com/bugreport/crash.jsp
# The crash happened outside the Java Virtual Machine in native code.
# See problematic frame for where to report the bug.
#

---------------  T H R E A D  ---------------

Current thread (0x00007ffed3005000):  JavaThread "main" [_thread_in_native, id=9987, stack(0x0000700005802000,0x0000700005902000)]

siginfo: si_signo: 11 (SIGSEGV), si_code: 1 (SEGV_MAPERR), si_addr: 0x000000010cdf7000

Registers:
RAX=0x00007ffed4828600, RBX=0x000000010cdf6403, RCX=0x00000000000067a4, RDX=0x0000000000007373
RSP=0x00007000058ff500, RBP=0x00007000058ff500, RSI=0x000000010cdf7000, RDI=0x00007ffed48291cf
R8 =0x00000000000000c0, R9 =0x0000000000000201, R10=0x00007ffed2e02c00, R11=0x00007ffdc7a321cf
R12=0x0000000072657070, R13=0x000000004e3551fc, R14=0x00000000616c632e, R15=0x0000000000004b50
RIP=0x00007fff74507d09, EFLAGS=0x0000000000010202, ERR=0x0000000000000004
  TRAPNO=0x000000000000000e

Top of Stack: (sp=0x00007000058ff500)
0x00007000058ff500:   00007000058ff570 000000010cd3c006
0x00007000058ff510:   00000050d2c0fd00 000000000000004b
0x00007000058ff520:   0000000000000201 00007ffed4828600
0x00007000058ff530:   0000000000007373 00007ffed2c104f0
0x00007000058ff540:   00007ffed2e02c00 00007ffed2c104f0
0x00007000058ff550:   00007ffed2c10680 0000000000000160
0x00007000058ff560:   00000000f8fd4993 00007ffed2c10a80
0x00007000058ff570:   00007000058ff5d0 000000010cd3c52d
0x00007000058ff580:   00007000058ff612 00007000058ff611
0x00007000058ff590:   0000002200000000 0000002301005000
0x00007000058ff5a0:   00007000058ff5ee 00007000058ffac0
0x00007000058ff5b0:   0000000000000023 00007000058ff5ee
0x00007000058ff5c0:   00007ffed2c104f0 00007ffed30051f8
0x00007000058ff5d0:   00007000058ffa20 000000010cd3b238
0x00007000058ff5e0:   00007ffed2d10470 6e49700000000001
0x00007000058ff5f0:   694c45534e786564 4e4245534e2f6576
0x00007000058ff600:   6c6f72746e6f4344 73616c632e72656c
0x00007000058ff610:   0000000113410073 00007ffed3005000
0x00007000058ff620:   0000000113414cb8 00007ffed3005000
0x00007000058ff630:   0000000113414cb8 0000000113645fa8
0x00007000058ff640:   00007ffe134f4ba0 00007000058ff838
0x00007000058ff650:   00007ffed3005000 0000000000000013
0x00007000058ff660:   00007000058ff6f0 000000010d9cdbe9
0x00007000058ff670:   00007000058ff6a0 000000010db010d0
0x00007000058ff680:   00007ffe00000001 00007000058ff6f0
0x00007000058ff690:   00007000058ff6f0 000000011364d398
0x00007000058ff6a0:   00007000058ff6e0 000000010db014a8
0x00007000058ff6b0:   00007000058ff6d0 00007000058ff6f0
0x00007000058ff6c0:   0000000000500000 0000000000000000
0x00007000058ff6d0:   0000000113647928 0000000000000003
0x00007000058ff6e0:   00007000058ff720 000000010da4ea3b
0x00007000058ff6f0:   000000010de13d30 000000010cd70a70 

Instructions: (pc=0x00007fff74507d09)
0x00007fff74507ce9:   f3 48 89 f8 49 39 d3 72 1b 48 83 fa 60 76 2f 48
0x00007fff74507cf9:   81 fa 00 40 00 00 0f 82 cb 00 00 00 48 89 d1 fc
0x00007fff74507d09:   f3 a4 5d c3 48 39 fe 74 f9 48 01 d6 48 01 d7 48
0x00007fff74507d19:   83 fa 60 0f 82 8c 01 00 00 e9 a9 01 00 00 48 83 

Register to memory mapping:

RAX=0x00007ffed4828600 is an unknown value
RBX=0x000000010cdf6403 is an unknown value
RCX=0x00000000000067a4 is an unknown value
RDX=0x0000000000007373 is an unknown value
RSP=0x00007000058ff500 is pointing into the stack for thread: 0x00007ffed3005000
RBP=0x00007000058ff500 is pointing into the stack for thread: 0x00007ffed3005000
RSI=0x000000010cdf7000 is an unknown value
RDI=0x00007ffed48291cf is an unknown value
R8 =0x00000000000000c0 is an unknown value
R9 =0x0000000000000201 is an unknown value
R10=0x00007ffed2e02c00 is an unknown value
R11=0x00007ffdc7a321cf is an unknown value
R12=0x0000000072657070 is an unknown value
R13=0x000000004e3551fc is an unknown value
R14=0x00000000616c632e is an unknown value
R15=0x0000000000004b50 is an unknown value


Stack: [0x0000700005802000,0x0000700005902000],  sp=0x00007000058ff500,  free space=1013k
Native frames: (J=compiled Java code, j=interpreted, Vv=VM code, C=native code)
C  [libsystem_platform.dylib+0x1d09]  _platform_memmove$VARIANT$Haswell+0x29
C  [libzip.dylib+0x3006]  newEntry+0x2c8
C  [libzip.dylib+0x352d]  ZIP_GetEntry2+0xd4
C  [libzip.dylib+0x2238]  Java_java_util_zip_ZipFile_getEntry+0xcf
j  java.util.zip.ZipFile.getEntry(J[BZ)J+0
j  java.util.zip.ZipFile.getEntry(Ljava/lang/String;)Ljava/util/zip/ZipEntry;+38
j  java.util.jar.JarFile.getEntry(Ljava/lang/String;)Ljava/util/zip/ZipEntry;+2
j  java.util.jar.JarFile.getJarEntry(Ljava/lang/String;)Ljava/util/jar/JarEntry;+2
j  sun.misc.URLClassPath$JarLoader.getResource(Ljava/lang/String;Z)Lsun/misc/Resource;+42
j  sun.misc.URLClassPath.getResource(Ljava/lang/String;Z)Lsun/misc/Resource;+62
j  java.net.URLClassLoader$1.run()Ljava/lang/Class;+26
j  java.net.URLClassLoader$1.run()Ljava/lang/Object;+1
v  ~StubRoutines::call_stub
V  [libjvm.dylib+0x2ee5b6]  JavaCalls::call_helper(JavaValue*, methodHandle*, JavaCallArguments*, Thread*)+0x6ae
V  [libjvm.dylib+0x34ed14]  JVM_DoPrivileged+0x4b8
j  java.security.AccessController.doPrivileged(Ljava/security/PrivilegedExceptionAction;Ljava/security/AccessControlContext;)Ljava/lang/Object;+0
j  java.net.URLClassLoader.findClass(Ljava/lang/String;)Ljava/lang/Class;+13
j  java.lang.ClassLoader.loadClass(Ljava/lang/String;Z)Ljava/lang/Class;+70
j  sun.misc.Launcher$AppClassLoader.loadClass(Ljava/lang/String;Z)Ljava/lang/Class;+81
j  java.lang.ClassLoader.loadClass(Ljava/lang/String;)Ljava/lang/Class;+3
v  ~StubRoutines::call_stub
V  [libjvm.dylib+0x2ee5b6]  JavaCalls::call_helper(JavaValue*, methodHandle*, JavaCallArguments*, Thread*)+0x6ae
V  [libjvm.dylib+0x2eed5a]  JavaCalls::call_virtual(JavaValue*, KlassHandle, Symbol*, Symbol*, JavaCallArguments*, Thread*)+0x164
V  [libjvm.dylib+0x2eeeb2]  JavaCalls::call_virtual(JavaValue*, Handle, KlassHandle, Symbol*, Symbol*, Handle, Thread*)+0x56
V  [libjvm.dylib+0x53ca02]  SystemDictionary::load_instance_class(Symbol*, Handle, Thread*)+0x2d8
V  [libjvm.dylib+0x53c1ca]  SystemDictionary::resolve_instance_class_or_null(Symbol*, Handle, Handle, Thread*)+0x484
V  [libjvm.dylib+0x53cc1e]  SystemDictionary::resolve_or_null(Symbol*, Handle, Handle, Thread*)+0x106
V  [libjvm.dylib+0x53d2d1]  SystemDictionary::resolve_or_fail(Symbol*, Handle, Handle, bool, Thread*)+0x31
V  [libjvm.dylib+0x1e334a]  ConstantPool::klass_at_impl(constantPoolHandle, int, Thread*)+0x2ee
V  [libjvm.dylib+0x1f379a]  ConstantPool::klass_at(int, Thread*)+0x92
V  [libjvm.dylib+0x2e9fd7]  InterpreterRuntime::_new(JavaThread*, ConstantPool*, int)+0x2d
j  Executor.main([Ljava/lang/String;)V+14
v  ~StubRoutines::call_stub
V  [libjvm.dylib+0x2ee5b6]  JavaCalls::call_helper(JavaValue*, methodHandle*, JavaCallArguments*, Thread*)+0x6ae
V  [libjvm.dylib+0x3253ce]  jni_invoke_static(JNIEnv_*, JavaValue*, _jobject*, JNICallType, _jmethodID*, JNI_ArgumentPusher*, Thread*)+0x1bf
V  [libjvm.dylib+0x31e145]  jni_CallStaticVoidMethod+0x15d
C  [java+0x3931]  JavaMain+0x9c4
C  [libsystem_pthread.dylib+0x3339]  _pthread_body+0x7e
C  [libsystem_pthread.dylib+0x62a7]  _pthread_start+0x46
C  [libsystem_pthread.dylib+0x2445]  thread_start+0xd
C  0x0000000000000000

Java frames: (J=compiled Java code, j=interpreted, Vv=VM code)
j  java.util.zip.ZipFile.getEntry(J[BZ)J+0
j  java.util.zip.ZipFile.getEntry(Ljava/lang/String;)Ljava/util/zip/ZipEntry;+38
j  java.util.jar.JarFile.getEntry(Ljava/lang/String;)Ljava/util/zip/ZipEntry;+2
j  java.util.jar.JarFile.getJarEntry(Ljava/lang/String;)Ljava/util/jar/JarEntry;+2
j  sun.misc.URLClassPath$JarLoader.getResource(Ljava/lang/String;Z)Lsun/misc/Resource;+42
j  sun.misc.URLClassPath.getResource(Ljava/lang/String;Z)Lsun/misc/Resource;+62
j  java.net.URLClassLoader$1.run()Ljava/lang/Class;+26
j  java.net.URLClassLoader$1.run()Ljava/lang/Object;+1
v  ~StubRoutines::call_stub
j  java.security.AccessController.doPrivileged(Ljava/security/PrivilegedExceptionAction;Ljava/security/AccessControlContext;)Ljava/lang/Object;+0
j  java.net.URLClassLoader.findClass(Ljava/lang/String;)Ljava/lang/Class;+13
j  java.lang.ClassLoader.loadClass(Ljava/lang/String;Z)Ljava/lang/Class;+70
j  sun.misc.Launcher$AppClassLoader.loadClass(Ljava/lang/String;Z)Ljava/lang/Class;+81
j  java.lang.ClassLoader.loadClass(Ljava/lang/String;)Ljava/lang/Class;+3
v  ~StubRoutines::call_stub
j  Executor.main([Ljava/lang/String;)V+14
v  ~StubRoutines::call_stub

---------------  P R O C E S S  ---------------

Java Threads: ( => current thread )
  0x00007ffed308f000 JavaThread "SIGHUP handler" daemon [_thread_blocked, id=4615, stack(0x000070000662c000,0x000070000672c000)]
  0x00007ffed4000800 JavaThread "Service Thread" daemon [_thread_blocked, id=14595, stack(0x0000700006426000,0x0000700006526000)]
  0x00007ffed381f000 JavaThread "C1 CompilerThread2" daemon [_thread_blocked, id=18179, stack(0x0000700006323000,0x0000700006423000)]
  0x00007ffed381e800 JavaThread "C2 CompilerThread1" daemon [_thread_blocked, id=13827, stack(0x0000700006220000,0x0000700006320000)]
  0x00007ffed381a800 JavaThread "C2 CompilerThread0" daemon [_thread_blocked, id=13315, stack(0x000070000611d000,0x000070000621d000)]
  0x00007ffed3802800 JavaThread "Signal Dispatcher" daemon [_thread_blocked, id=12803, stack(0x000070000601a000,0x000070000611a000)]
  0x00007ffed3058800 JavaThread "Finalizer" daemon [_thread_blocked, id=11779, stack(0x0000700005f17000,0x0000700006017000)]
  0x00007ffed4800000 JavaThread "Reference Handler" daemon [_thread_blocked, id=20483, stack(0x0000700005e14000,0x0000700005f14000)]
=>0x00007ffed3005000 JavaThread "main" [_thread_in_native, id=9987, stack(0x0000700005802000,0x0000700005902000)]

Other Threads:
  0x00007ffed3052000 VMThread [stack: 0x0000700005d11000,0x0000700005e11000] [id=20995]
  0x00007ffed307a000 WatcherThread [stack: 0x0000700006529000,0x0000700006629000] [id=15107]

VM state:not at safepoint (normal execution)

VM Mutex/Monitor currently owned by a thread: None

Heap:
 PSYoungGen      total 38400K, used 2662K [0x0000000795580000, 0x0000000798000000, 0x00000007c0000000)
  eden space 33280K, 8% used [0x0000000795580000,0x0000000795819aa0,0x0000000797600000)
  from space 5120K, 0% used [0x0000000797b00000,0x0000000797b00000,0x0000000798000000)
  to   space 5120K, 0% used [0x0000000797600000,0x0000000797600000,0x0000000797b00000)
 ParOldGen       total 87552K, used 0K [0x0000000740000000, 0x0000000745580000, 0x0000000795580000)
  object space 87552K, 0% used [0x0000000740000000,0x0000000740000000,0x0000000745580000)
 Metaspace       used 2717K, capacity 4486K, committed 4864K, reserved 1056768K
  class space    used 296K, capacity 386K, committed 512K, reserved 1048576K

Card table byte_map: [0x000000010e963000,0x000000010ed64000] byte_map_base: 0x000000010af63000

Marking Bits: (ParMarkBitMap*) 0x000000010def1ea0
 Begin Bits: [0x000000010f00f000, 0x000000011100f000)
 End Bits:   [0x000000011100f000, 0x000000011300f000)

Polling page: 0x000000010ccef000

CodeCache: size=245760Kb used=1090Kb max_used=1090Kb free=244669Kb
 bounds [0x0000000115e74000, 0x00000001160e4000, 0x0000000124e74000]
 total_blobs=250 nmethods=19 adapters=146
 compilation: enabled

Compilation events (10 events):
Event: 0.085 Thread 0x00007ffed381f000   14       1       java.lang.ref.Reference::get (5 bytes)
Event: 0.085 Thread 0x00007ffed381f000 nmethod 14 0x0000000115f838d0 code [0x0000000115f83a20, 0x0000000115f83b30]
Event: 0.085 Thread 0x00007ffed381f000   16       1       java.lang.ThreadLocal::access$400 (5 bytes)
Event: 0.085 Thread 0x00007ffed381f000 nmethod 16 0x0000000115f83b90 code [0x0000000115f83ce0, 0x0000000115f83dd0]
Event: 0.088 Thread 0x00007ffed381f000   17       3       java.lang.CharacterData::of (120 bytes)
Event: 0.088 Thread 0x00007ffed381f000 nmethod 17 0x0000000115f83e50 code [0x0000000115f84000, 0x0000000115f845b0]
Event: 0.088 Thread 0x00007ffed381f000   18       3       java.lang.CharacterDataLatin1::getProperties (11 bytes)
Event: 0.088 Thread 0x00007ffed381f000 nmethod 18 0x0000000115f84810 code [0x0000000115f84980, 0x0000000115f84b10]
Event: 0.089 Thread 0x00007ffed381f000   19       3       java.lang.String::indexOf (7 bytes)
Event: 0.089 Thread 0x00007ffed381f000 nmethod 19 0x0000000115f84c10 code [0x0000000115f84d80, 0x0000000115f84f88]

GC Heap History (0 events):
No events

Deoptimization events (0 events):
No events

Internal exceptions (2 events):
Event: 0.033 Thread 0x00007ffed3005000 Exception <a 'java/lang/NoSuchMethodError': Method sun.misc.Unsafe.defineClass(Ljava/lang/String;[BII)Ljava/lang/Class; name or signature does not match> (0x0000000795587ca8) thrown at [/Users/java_re/workspace/8-2-build-macosx-x86_64/jdk8u131/8869/hotspo
Event: 0.033 Thread 0x00007ffed3005000 Exception <a 'java/lang/NoSuchMethodError': Method sun.misc.Unsafe.prefetchRead(Ljava/lang/Object;J)V name or signature does not match> (0x0000000795587f90) thrown at [/Users/java_re/workspace/8-2-build-macosx-x86_64/jdk8u131/8869/hotspot/src/share/vm/pri

Events (10 events):
Event: 0.090 loading class java/io/IOException
Event: 0.090 loading class java/io/IOException done
Event: 0.090 loading class java/lang/Void
Event: 0.090 loading class java/lang/Void done
Event: 4.110 Executing VM operation: EnableBiasedLocking
Event: 4.110 Executing VM operation: EnableBiasedLocking done
Event: 1812.359 loading class sun/misc/Signal$1
Event: 1812.360 loading class sun/misc/Signal$1 done
Event: 1812.363 loading class IndexNSELive/NSEBNDController
Event: 1812.363 loading class IndexNSELive/NSEBNDController done


Dynamic libraries:
0x000000001ce9a000 	/System/Library/Frameworks/Cocoa.framework/Versions/A/Cocoa
0x000000001ce9a000 	/System/Library/Frameworks/Security.framework/Versions/A/Security
0x000000001ce9a000 	/System/Library/Frameworks/ApplicationServices.framework/Versions/A/ApplicationServices
0x000000001ce9a000 	/usr/lib/libz.1.dylib
0x000000001ce9a000 	/usr/lib/libSystem.B.dylib
0x000000001ce9a000 	/usr/lib/libobjc.A.dylib
0x000000001ce9a000 	/System/Library/Frameworks/CoreFoundation.framework/Versions/A/CoreFoundation
0x000000001ce9a000 	/System/Library/Frameworks/Foundation.framework/Versions/C/Foundation
0x000000001ce9a000 	/System/Library/Frameworks/AppKit.framework/Versions/C/AppKit
0x000000001ce9a000 	/System/Library/Frameworks/CoreData.framework/Versions/A/CoreData
0x000000001ce9a000 	/System/Library/PrivateFrameworks/RemoteViewServices.framework/Versions/A/RemoteViewServices
0x000000001ce9a000 	/System/Library/PrivateFrameworks/UIFoundation.framework/Versions/A/UIFoundation
0x000000001ce9a000 	/System/Library/PrivateFrameworks/XCTTargetBootstrap.framework/Versions/A/XCTTargetBootstrap
0x000000001ce9a000 	/System/Library/PrivateFrameworks/IconServices.framework/Versions/A/IconServices
0x000000001ce9a000 	/System/Library/Frameworks/Metal.framework/Versions/A/Metal
0x000000001ce9a000 	/System/Library/PrivateFrameworks/DesktopServicesPriv.framework/Versions/A/DesktopServicesPriv
0x000000001ce9a000 	/usr/lib/libenergytrace.dylib
0x000000001ce9a000 	/System/Library/PrivateFrameworks/SkyLight.framework/Versions/A/SkyLight
0x000000001ce9a000 	/System/Library/Frameworks/CoreGraphics.framework/Versions/A/CoreGraphics
0x000000001ce9a000 	/System/Library/Frameworks/Accelerate.framework/Versions/A/Accelerate
0x000000001ce9a000 	/System/Library/Frameworks/IOSurface.framework/Versions/A/IOSurface
0x000000001ce9a000 	/System/Library/PrivateFrameworks/DFRFoundation.framework/Versions/A/DFRFoundation
0x000000001ce9a000 	/System/Library/Frameworks/AudioToolbox.framework/Versions/A/AudioToolbox
0x000000001ce9a000 	/System/Library/Frameworks/AudioUnit.framework/Versions/A/AudioUnit
0x000000001ce9a000 	/System/Library/PrivateFrameworks/DataDetectorsCore.framework/Versions/A/DataDetectorsCore
0x000000001ce9a000 	/System/Library/Frameworks/Carbon.framework/Versions/A/Frameworks/HIToolbox.framework/Versions/A/HIToolbox
0x000000001ce9a000 	/usr/lib/libicucore.A.dylib
0x000000001ce9a000 	/System/Library/Frameworks/QuartzCore.framework/Versions/A/QuartzCore
0x000000001ce9a000 	/System/Library/Frameworks/Carbon.framework/Versions/A/Frameworks/SpeechRecognition.framework/Versions/A/SpeechRecognition
0x000000001ce9a000 	/usr/lib/libauto.dylib
0x000000001ce9a000 	/usr/lib/libxml2.2.dylib
0x000000001ce9a000 	/System/Library/PrivateFrameworks/CoreUI.framework/Versions/A/CoreUI
0x000000001ce9a000 	/System/Library/Frameworks/CoreAudio.framework/Versions/A/CoreAudio
0x000000001ce9a000 	/System/Library/Frameworks/DiskArbitration.framework/Versions/A/DiskArbitration
0x000000001ce9a000 	/usr/lib/liblangid.dylib
0x000000001ce9a000 	/System/Library/PrivateFrameworks/MultitouchSupport.framework/Versions/A/MultitouchSupport
0x000000001ce9a000 	/System/Library/Frameworks/IOKit.framework/Versions/A/IOKit
0x000000001ce9a000 	/usr/lib/libDiagnosticMessagesClient.dylib
0x000000001ce9a000 	/System/Library/Frameworks/CoreServices.framework/Versions/A/CoreServices
0x000000001ce9a000 	/System/Library/PrivateFrameworks/PerformanceAnalysis.framework/Versions/A/PerformanceAnalysis
0x000000001ce9a000 	/System/Library/Frameworks/OpenGL.framework/Versions/A/OpenGL
0x000000001ce9a000 	/System/Library/Frameworks/ColorSync.framework/Versions/A/ColorSync
0x000000001ce9a000 	/System/Library/Frameworks/CoreImage.framework/Versions/A/CoreImage
0x000000001ce9a000 	/System/Library/Frameworks/CoreText.framework/Versions/A/CoreText
0x000000001ce9a000 	/System/Library/Frameworks/ImageIO.framework/Versions/A/ImageIO
0x000000001ce9a000 	/System/Library/PrivateFrameworks/Backup.framework/Versions/A/Backup
0x000000001ce9a000 	/usr/lib/libarchive.2.dylib
0x000000001ce9a000 	/System/Library/Frameworks/CFNetwork.framework/Versions/A/CFNetwork
0x000000001ce9a000 	/System/Library/Frameworks/SystemConfiguration.framework/Versions/A/SystemConfiguration
0x000000001ce9a000 	/usr/lib/libCRFSuite.dylib
0x000000001ce9a000 	/usr/lib/libc++.1.dylib
0x000000001ce9a000 	/usr/lib/libc++abi.dylib
0x000000001ce9a000 	/usr/lib/system/libcache.dylib
0x000000001ce9a000 	/usr/lib/system/libcommonCrypto.dylib
0x000000001ce9a000 	/usr/lib/system/libcompiler_rt.dylib
0x000000001ce9a000 	/usr/lib/system/libcopyfile.dylib
0x000000001ce9a000 	/usr/lib/system/libcorecrypto.dylib
0x000000001ce9a000 	/usr/lib/system/libdispatch.dylib
0x000000001ce9a000 	/usr/lib/system/libdyld.dylib
0x000000001ce9a000 	/usr/lib/system/libkeymgr.dylib
0x000000001ce9a000 	/usr/lib/system/liblaunch.dylib
0x000000001ce9a000 	/usr/lib/system/libmacho.dylib
0x000000001ce9a000 	/usr/lib/system/libquarantine.dylib
0x000000001ce9a000 	/usr/lib/system/libremovefile.dylib
0x000000001ce9a000 	/usr/lib/system/libsystem_asl.dylib
0x000000001ce9a000 	/usr/lib/system/libsystem_blocks.dylib
0x000000001ce9a000 	/usr/lib/system/libsystem_c.dylib
0x000000001ce9a000 	/usr/lib/system/libsystem_configuration.dylib
0x000000001ce9a000 	/usr/lib/system/libsystem_coreservices.dylib
0x000000001ce9a000 	/usr/lib/system/libsystem_darwin.dylib
0x000000001ce9a000 	/usr/lib/system/libsystem_dnssd.dylib
0x000000001ce9a000 	/usr/lib/system/libsystem_info.dylib
0x000000001ce9a000 	/usr/lib/system/libsystem_m.dylib
0x000000001ce9a000 	/usr/lib/system/libsystem_malloc.dylib
0x000000001ce9a000 	/usr/lib/system/libsystem_networkextension.dylib
0x000000001ce9a000 	/usr/lib/system/libsystem_notify.dylib
0x000000001ce9a000 	/usr/lib/system/libsystem_sandbox.dylib
0x000000001ce9a000 	/usr/lib/system/libsystem_secinit.dylib
0x000000001ce9a000 	/usr/lib/system/libsystem_kernel.dylib
0x000000001ce9a000 	/usr/lib/system/libsystem_platform.dylib
0x000000001ce9a000 	/usr/lib/system/libsystem_pthread.dylib
0x000000001ce9a000 	/usr/lib/system/libsystem_symptoms.dylib
0x000000001ce9a000 	/usr/lib/system/libsystem_trace.dylib
0x000000001ce9a000 	/usr/lib/system/libunwind.dylib
0x000000001ce9a000 	/usr/lib/system/libxpc.dylib
0x000000001ce9a000 	/usr/lib/libbsm.0.dylib
0x000000001ce9a000 	/usr/lib/system/libkxld.dylib
0x000000001ce9a000 	/System/Library/PrivateFrameworks/AppleFSCompression.framework/Versions/A/AppleFSCompression
0x000000001ce9a000 	/usr/lib/libOpenScriptingUtil.dylib
0x000000001ce9a000 	/usr/lib/libcoretls.dylib
0x000000001ce9a000 	/usr/lib/libcoretls_cfhelpers.dylib
0x000000001ce9a000 	/usr/lib/libpam.2.dylib
0x000000001ce9a000 	/usr/lib/libsqlite3.dylib
0x000000001ce9a000 	/usr/lib/libxar.1.dylib
0x000000001ce9a000 	/usr/lib/libbz2.1.0.dylib
0x000000001ce9a000 	/usr/lib/liblzma.5.dylib
0x000000001ce9a000 	/usr/lib/libnetwork.dylib
0x000000001ce9a000 	/usr/lib/libapple_nghttp2.dylib
0x000000001ce9a000 	/usr/lib/libpcap.A.dylib
0x000000001ce9a000 	/System/Library/Frameworks/CoreServices.framework/Versions/A/Frameworks/FSEvents.framework/Versions/A/FSEvents
0x000000001ce9a000 	/System/Library/Frameworks/CoreServices.framework/Versions/A/Frameworks/CarbonCore.framework/Versions/A/CarbonCore
0x000000001ce9a000 	/System/Library/Frameworks/CoreServices.framework/Versions/A/Frameworks/Metadata.framework/Versions/A/Metadata
0x000000001ce9a000 	/System/Library/Frameworks/CoreServices.framework/Versions/A/Frameworks/OSServices.framework/Versions/A/OSServices
0x000000001ce9a000 	/System/Library/Frameworks/CoreServices.framework/Versions/A/Frameworks/SearchKit.framework/Versions/A/SearchKit
0x000000001ce9a000 	/System/Library/Frameworks/CoreServices.framework/Versions/A/Frameworks/AE.framework/Versions/A/AE
0x000000001ce9a000 	/System/Library/Frameworks/CoreServices.framework/Versions/A/Frameworks/LaunchServices.framework/Versions/A/LaunchServices
0x000000001ce9a000 	/System/Library/Frameworks/CoreServices.framework/Versions/A/Frameworks/DictionaryServices.framework/Versions/A/DictionaryServices
0x000000001ce9a000 	/System/Library/Frameworks/CoreServices.framework/Versions/A/Frameworks/SharedFileList.framework/Versions/A/SharedFileList
0x000000001ce9a000 	/System/Library/Frameworks/NetFS.framework/Versions/A/NetFS
0x000000001ce9a000 	/System/Library/PrivateFrameworks/NetAuth.framework/Versions/A/NetAuth
0x000000001ce9a000 	/System/Library/PrivateFrameworks/login.framework/Versions/A/Frameworks/loginsupport.framework/Versions/A/loginsupport
0x000000001ce9a000 	/System/Library/PrivateFrameworks/TCC.framework/Versions/A/TCC
0x000000001ce9a000 	/System/Library/PrivateFrameworks/CoreNLP.framework/Versions/A/CoreNLP
0x000000001ce9a000 	/System/Library/PrivateFrameworks/MetadataUtilities.framework/Versions/A/MetadataUtilities
0x000000001ce9a000 	/usr/lib/libmecabra.dylib
0x000000001ce9a000 	/System/Library/Frameworks/ApplicationServices.framework/Versions/A/Frameworks/ATS.framework/Versions/A/ATS
0x000000001ce9a000 	/System/Library/Frameworks/ApplicationServices.framework/Versions/A/Frameworks/ColorSyncLegacy.framework/Versions/A/ColorSyncLegacy
0x000000001ce9a000 	/System/Library/Frameworks/ApplicationServices.framework/Versions/A/Frameworks/HIServices.framework/Versions/A/HIServices
0x000000001ce9a000 	/System/Library/Frameworks/ApplicationServices.framework/Versions/A/Frameworks/LangAnalysis.framework/Versions/A/LangAnalysis
0x000000001ce9a000 	/System/Library/Frameworks/ApplicationServices.framework/Versions/A/Frameworks/PrintCore.framework/Versions/A/PrintCore
0x000000001ce9a000 	/System/Library/Frameworks/ApplicationServices.framework/Versions/A/Frameworks/QD.framework/Versions/A/QD
0x000000001ce9a000 	/System/Library/Frameworks/ApplicationServices.framework/Versions/A/Frameworks/SpeechSynthesis.framework/Versions/A/SpeechSynthesis
0x000000001ce9a000 	/usr/lib/libcompression.dylib
0x000000001ce9a000 	/System/Library/Frameworks/CoreDisplay.framework/Versions/A/CoreDisplay
0x000000001ce9a000 	/System/Library/Frameworks/MetalPerformanceShaders.framework/Versions/A/MetalPerformanceShaders
0x000000001ce9a000 	/System/Library/Frameworks/Accelerate.framework/Versions/A/Frameworks/vImage.framework/Versions/A/vImage
0x000000001ce9a000 	/System/Library/Frameworks/Accelerate.framework/Versions/A/Frameworks/vecLib.framework/Versions/A/vecLib
0x000000001ce9a000 	/System/Library/Frameworks/Accelerate.framework/Versions/A/Frameworks/vecLib.framework/Versions/A/libvMisc.dylib
0x000000001ce9a000 	/System/Library/Frameworks/Accelerate.framework/Versions/A/Frameworks/vecLib.framework/Versions/A/libvDSP.dylib
0x000000001ce9a000 	/System/Library/Frameworks/Accelerate.framework/Versions/A/Frameworks/vecLib.framework/Versions/A/libBLAS.dylib
0x000000001ce9a000 	/System/Library/Frameworks/Accelerate.framework/Versions/A/Frameworks/vecLib.framework/Versions/A/libLAPACK.dylib
0x000000001ce9a000 	/System/Library/Frameworks/Accelerate.framework/Versions/A/Frameworks/vecLib.framework/Versions/A/libLinearAlgebra.dylib
0x000000001ce9a000 	/System/Library/Frameworks/Accelerate.framework/Versions/A/Frameworks/vecLib.framework/Versions/A/libSparseBLAS.dylib
0x000000001ce9a000 	/System/Library/Frameworks/Accelerate.framework/Versions/A/Frameworks/vecLib.framework/Versions/A/libQuadrature.dylib
0x000000001ce9a000 	/System/Library/Frameworks/Accelerate.framework/Versions/A/Frameworks/vecLib.framework/Versions/A/libBNNS.dylib
0x000000001ce9a000 	/System/Library/Frameworks/Accelerate.framework/Versions/A/Frameworks/vecLib.framework/Versions/A/libSparse.dylib
0x000000001ce9a000 	/System/Library/PrivateFrameworks/GPUWrangler.framework/Versions/A/GPUWrangler
0x000000001ce9a000 	/System/Library/PrivateFrameworks/IOAccelerator.framework/Versions/A/IOAccelerator
0x000000001ce9a000 	/System/Library/PrivateFrameworks/IOPresentment.framework/Versions/A/IOPresentment
0x000000001ce9a000 	/System/Library/PrivateFrameworks/DSExternalDisplay.framework/Versions/A/DSExternalDisplay
0x000000001ce9a000 	/System/Library/Frameworks/OpenGL.framework/Versions/A/Libraries/libCoreFSCache.dylib
0x000000001ce9a000 	/System/Library/Frameworks/MetalPerformanceShaders.framework/Frameworks/MPSCore.framework/Versions/A/MPSCore
0x000000001ce9a000 	/System/Library/Frameworks/MetalPerformanceShaders.framework/Frameworks/MPSImage.framework/Versions/A/MPSImage
0x000000001ce9a000 	/System/Library/Frameworks/MetalPerformanceShaders.framework/Frameworks/MPSNeuralNetwork.framework/Versions/A/MPSNeuralNetwork
0x000000001ce9a000 	/System/Library/Frameworks/MetalPerformanceShaders.framework/Frameworks/MPSMatrix.framework/Versions/A/MPSMatrix
0x000000001ce9a000 	/System/Library/Frameworks/MetalPerformanceShaders.framework/Frameworks/MPSRayIntersector.framework/Versions/A/MPSRayIntersector
0x000000001ce9a000 	/System/Library/PrivateFrameworks/MetalTools.framework/Versions/A/MetalTools
0x000000001ce9a000 	/System/Library/PrivateFrameworks/AggregateDictionary.framework/Versions/A/AggregateDictionary
0x000000001ce9a000 	/usr/lib/libMobileGestalt.dylib
0x000000001ce9a000 	/System/Library/Frameworks/CoreVideo.framework/Versions/A/CoreVideo
0x000000001ce9a000 	/System/Library/PrivateFrameworks/GraphVisualizer.framework/Versions/A/GraphVisualizer
0x000000001ce9a000 	/System/Library/PrivateFrameworks/FaceCore.framework/Versions/A/FaceCore
0x000000001ce9a000 	/System/Library/Frameworks/OpenCL.framework/Versions/A/OpenCL
0x000000001ce9a000 	/usr/lib/libFosl_dynamic.dylib
0x000000001ce9a000 	/System/Library/PrivateFrameworks/OTSVG.framework/Versions/A/OTSVG
0x000000001ce9a000 	/System/Library/Frameworks/ApplicationServices.framework/Versions/A/Frameworks/ATS.framework/Versions/A/Resources/libFontParser.dylib
0x000000001ce9a000 	/System/Library/Frameworks/ApplicationServices.framework/Versions/A/Frameworks/ATS.framework/Versions/A/Resources/libFontRegistry.dylib
0x000000001ce9a000 	/System/Library/Frameworks/ImageIO.framework/Versions/A/Resources/libJPEG.dylib
0x000000001ce9a000 	/System/Library/Frameworks/ImageIO.framework/Versions/A/Resources/libTIFF.dylib
0x000000001ce9a000 	/System/Library/Frameworks/ImageIO.framework/Versions/A/Resources/libPng.dylib
0x000000001ce9a000 	/System/Library/Frameworks/ImageIO.framework/Versions/A/Resources/libGIF.dylib
0x000000001ce9a000 	/System/Library/Frameworks/ImageIO.framework/Versions/A/Resources/libJP2.dylib
0x000000001ce9a000 	/System/Library/Frameworks/ImageIO.framework/Versions/A/Resources/libRadiance.dylib
0x000000001ce9a000 	/System/Library/PrivateFrameworks/AppleJPEG.framework/Versions/A/AppleJPEG
0x000000001ce9a000 	/System/Library/Frameworks/OpenGL.framework/Versions/A/Libraries/libGFXShared.dylib
0x000000001ce9a000 	/System/Library/Frameworks/OpenGL.framework/Versions/A/Libraries/libGLU.dylib
0x000000001ce9a000 	/System/Library/Frameworks/OpenGL.framework/Versions/A/Libraries/libGL.dylib
0x000000001ce9a000 	/System/Library/Frameworks/OpenGL.framework/Versions/A/Libraries/libGLImage.dylib
0x000000001ce9a000 	/System/Library/Frameworks/OpenGL.framework/Versions/A/Libraries/libCVMSPluginSupport.dylib
0x000000001ce9a000 	/System/Library/Frameworks/OpenGL.framework/Versions/A/Libraries/libCoreVMClient.dylib
0x000000001ce9a000 	/usr/lib/libcups.2.dylib
0x000000001ce9a000 	/System/Library/Frameworks/Kerberos.framework/Versions/A/Kerberos
0x000000001ce9a000 	/System/Library/Frameworks/GSS.framework/Versions/A/GSS
0x000000001ce9a000 	/usr/lib/libresolv.9.dylib
0x000000001ce9a000 	/usr/lib/libiconv.2.dylib
0x000000001ce9a000 	/System/Library/PrivateFrameworks/Heimdal.framework/Versions/A/Heimdal
0x000000001ce9a000 	/usr/lib/libheimdal-asn1.dylib
0x000000001ce9a000 	/System/Library/Frameworks/OpenDirectory.framework/Versions/A/OpenDirectory
0x000000001ce9a000 	/System/Library/PrivateFrameworks/CommonAuth.framework/Versions/A/CommonAuth
0x000000001ce9a000 	/System/Library/Frameworks/OpenDirectory.framework/Versions/A/Frameworks/CFOpenDirectory.framework/Versions/A/CFOpenDirectory
0x000000001ce9a000 	/System/Library/Frameworks/SecurityFoundation.framework/Versions/A/SecurityFoundation
0x000000001ce9a000 	/System/Library/PrivateFrameworks/APFS.framework/Versions/A/APFS
0x000000001ce9a000 	/usr/lib/libutil.dylib
0x000000001ce9a000 	/usr/lib/libcharset.1.dylib
0x000000001ce9a000 	/System/Library/PrivateFrameworks/AppleSauce.framework/Versions/A/AppleSauce
0x000000001ce9a000 	/System/Library/PrivateFrameworks/AssertionServices.framework/Versions/A/AssertionServices
0x000000001ce9a000 	/System/Library/PrivateFrameworks/BaseBoard.framework/Versions/A/BaseBoard
0x000000001ce9a000 	/usr/lib/libmecab.1.0.0.dylib
0x000000001ce9a000 	/usr/lib/libgermantok.dylib
0x000000001ce9a000 	/usr/lib/libThaiTokenizer.dylib
0x000000001ce9a000 	/usr/lib/libChineseTokenizer.dylib
0x000000001ce9a000 	/System/Library/PrivateFrameworks/LanguageModeling.framework/Versions/A/LanguageModeling
0x000000001ce9a000 	/System/Library/PrivateFrameworks/CoreEmoji.framework/Versions/A/CoreEmoji
0x000000001ce9a000 	/System/Library/PrivateFrameworks/Lexicon.framework/Versions/A/Lexicon
0x000000001ce9a000 	/System/Library/PrivateFrameworks/LinguisticData.framework/Versions/A/LinguisticData
0x000000001ce9a000 	/usr/lib/libcmph.dylib
0x000000001ce9a000 	/System/Library/Frameworks/ServiceManagement.framework/Versions/A/ServiceManagement
0x000000001ce9a000 	/System/Library/PrivateFrameworks/BackgroundTaskManagement.framework/Versions/A/BackgroundTaskManagement
0x000000001ce9a000 	/usr/lib/libxslt.1.dylib
0x000000001ce9a000 	/System/Library/Frameworks/Carbon.framework/Versions/A/Frameworks/Ink.framework/Versions/A/Ink
0x000000001ce9a000 	/System/Library/PrivateFrameworks/TextureIO.framework/Versions/A/TextureIO
0x000000001ce9a000 	/usr/lib/libate.dylib
0x000000001ce9a000 	/System/Library/PrivateFrameworks/CrashReporterSupport.framework/Versions/A/CrashReporterSupport
0x000000001ce9a000 	/System/Library/PrivateFrameworks/Sharing.framework/Versions/A/Sharing
0x000000001ce9a000 	/System/Library/PrivateFrameworks/AuthKit.framework/Versions/A/AuthKit
0x000000001ce9a000 	/System/Library/PrivateFrameworks/Apple80211.framework/Versions/A/Apple80211
0x000000001ce9a000 	/System/Library/PrivateFrameworks/CoreUtils.framework/Versions/A/CoreUtils
0x000000001ce9a000 	/System/Library/Frameworks/CoreWLAN.framework/Versions/A/CoreWLAN
0x000000001ce9a000 	/System/Library/Frameworks/IOBluetooth.framework/Versions/A/IOBluetooth
0x000000001ce9a000 	/System/Library/PrivateFrameworks/ProtocolBuffer.framework/Versions/A/ProtocolBuffer
0x000000001ce9a000 	/System/Library/PrivateFrameworks/MobileKeyBag.framework/Versions/A/MobileKeyBag
0x000000001ce9a000 	/System/Library/PrivateFrameworks/CorePhoneNumbers.framework/Versions/A/CorePhoneNumbers
0x000000001ce9a000 	/System/Library/PrivateFrameworks/AppleIDAuthSupport.framework/Versions/A/AppleIDAuthSupport
0x000000001ce9a000 	/System/Library/PrivateFrameworks/KeychainCircle.framework/Versions/A/KeychainCircle
0x000000001ce9a000 	/System/Library/PrivateFrameworks/ROCKit.framework/Versions/A/ROCKit
0x000000001ce9a000 	/System/Library/PrivateFrameworks/CoreWiFi.framework/Versions/A/CoreWiFi
0x000000001ce9a000 	/System/Library/Frameworks/CoreBluetooth.framework/Versions/A/CoreBluetooth
0x000000001ce9a000 	/System/Library/PrivateFrameworks/DebugSymbols.framework/Versions/A/DebugSymbols
0x000000001ce9a000 	/System/Library/PrivateFrameworks/CoreSymbolication.framework/Versions/A/CoreSymbolication
0x000000001ce9a000 	/System/Library/PrivateFrameworks/Symbolication.framework/Versions/A/Symbolication
0x000000001ce9a000 	/System/Library/PrivateFrameworks/SpeechRecognitionCore.framework/Versions/A/SpeechRecognitionCore
0x000000010d600000 	/Library/Java/JavaVirtualMachines/jdk1.8.0_131.jdk/Contents/Home/jre/lib/server/libjvm.dylib
0x000000001ce9a000 	/usr/lib/libstdc++.6.dylib
0x000000010ccac000 	/Library/Java/JavaVirtualMachines/jdk1.8.0_131.jdk/Contents/Home/jre/lib/libverify.dylib
0x000000010ccba000 	/Library/Java/JavaVirtualMachines/jdk1.8.0_131.jdk/Contents/Home/jre/lib/libjava.dylib
0x000000010cd39000 	/Library/Java/JavaVirtualMachines/jdk1.8.0_131.jdk/Contents/Home/jre/lib/libzip.dylib
0x000000001ce9a000 	/System/Library/Frameworks/JavaVM.framework/Versions/A/Frameworks/JavaRuntimeSupport.framework/Versions/A/JavaRuntimeSupport
0x000000001ce9a000 	/System/Library/Frameworks/JavaVM.framework/Versions/A/Frameworks/JavaNativeFoundation.framework/Versions/A/JavaNativeFoundation
0x000000001ce9a000 	/System/Library/Frameworks/JavaVM.framework/Versions/A/JavaVM
0x000000001ce9a000 	/System/Library/Frameworks/Carbon.framework/Versions/A/Carbon
0x000000001ce9a000 	/System/Library/PrivateFrameworks/JavaLaunching.framework/Versions/A/JavaLaunching
0x000000001ce9a000 	/System/Library/Frameworks/Carbon.framework/Versions/A/Frameworks/CommonPanels.framework/Versions/A/CommonPanels
0x000000001ce9a000 	/System/Library/Frameworks/Carbon.framework/Versions/A/Frameworks/Help.framework/Versions/A/Help
0x000000001ce9a000 	/System/Library/Frameworks/Carbon.framework/Versions/A/Frameworks/ImageCapture.framework/Versions/A/ImageCapture
0x000000001ce9a000 	/System/Library/Frameworks/Carbon.framework/Versions/A/Frameworks/OpenScripting.framework/Versions/A/OpenScripting
0x000000001ce9a000 	/System/Library/Frameworks/Carbon.framework/Versions/A/Frameworks/Print.framework/Versions/A/Print
0x000000001ce9a000 	/System/Library/Frameworks/Carbon.framework/Versions/A/Frameworks/SecurityHI.framework/Versions/A/SecurityHI

VM Arguments:
java_command: target/StockMongo-0.0.1-SNAPSHOT.jar
java_class_path (initial): target/StockMongo-0.0.1-SNAPSHOT.jar
Launcher Type: SUN_STANDARD

Environment Variables:
PATH=/Users/anoop/anaconda3/bin:/Applications/HPE_Security/Fortify_SCA_and_Apps_17.20/bin:/usr/local/bin:/usr/bin:/bin:/usr/sbin:/sbin
SHELL=/bin/bash

Signal Handlers:
SIGSEGV: [libjvm.dylib+0x5b1eb1], sa_mask[0]=11111111011111110111111111111111, sa_flags=SA_ONSTACK|SA_RESTART|SA_SIGINFO
SIGBUS: [libjvm.dylib+0x5b1eb1], sa_mask[0]=11111111011111110111111111111111, sa_flags=SA_RESTART|SA_SIGINFO
SIGFPE: [libjvm.dylib+0x488988], sa_mask[0]=11111111011111110111111111111111, sa_flags=SA_RESTART|SA_SIGINFO
SIGPIPE: [libjvm.dylib+0x488988], sa_mask[0]=11111111011111110111111111111111, sa_flags=SA_RESTART|SA_SIGINFO
SIGXFSZ: [libjvm.dylib+0x488988], sa_mask[0]=11111111011111110111111111111111, sa_flags=SA_RESTART|SA_SIGINFO
SIGILL: [libjvm.dylib+0x488988], sa_mask[0]=11111111011111110111111111111111, sa_flags=SA_RESTART|SA_SIGINFO
SIGUSR1: SIG_DFL, sa_mask[0]=11011111011111100000000111000110, sa_flags=none
SIGUSR2: [libjvm.dylib+0x4884a6], sa_mask[0]=00100000000000000000000000000000, sa_flags=SA_RESTART|SA_SIGINFO
SIGHUP: [libjvm.dylib+0x486a7d], sa_mask[0]=11111111011111110111111111111111, sa_flags=SA_RESTART|SA_SIGINFO
SIGINT: [libjvm.dylib+0x486a7d], sa_mask[0]=11111111011111110111111111111111, sa_flags=SA_RESTART|SA_SIGINFO
SIGTERM: [libjvm.dylib+0x486a7d], sa_mask[0]=11111111011111110111111111111111, sa_flags=SA_RESTART|SA_SIGINFO
SIGQUIT: [libjvm.dylib+0x486a7d], sa_mask[0]=11111111011111110111111111111111, sa_flags=SA_RESTART|SA_SIGINFO


---------------  S Y S T E M  ---------------

OS:Bsduname:Darwin 18.2.0 Darwin Kernel Version 18.2.0: Fri Oct  5 19:41:49 PDT 2018; root:xnu-4903.221.2~2/RELEASE_X86_64 x86_64
rlimit: STACK 8192k, CORE 0k, NPROC 709, NOFILE 10240, AS infinity
load average:2.42 3.26 3.51

CPU:total 4 (initial active 4) (2 cores per cpu, 2 threads per core) family 6 model 61 stepping 4, cmov, cx8, fxsr, mmx, sse, sse2, sse3, ssse3, sse4.1, sse4.2, popcnt, avx, avx2, aes, clmul, erms, 3dnowpref, lzcnt, ht, tsc, tscinvbit, bmi1, bmi2, adx

Memory: 4k page, physical 8388608k(52512k free)

/proc/meminfo:


vm_info: Java HotSpot(TM) 64-Bit Server VM (25.131-b11) for bsd-amd64 JRE (1.8.0_131-b11), built on Mar 15 2017 01:32:22 by "java_re" with gcc 4.2.1 (Based on Apple Inc. build 5658) (LLVM build 2336.11.00)

time: Mon Jan 21 10:35:50 2019
elapsed time: 1812 seconds (0d 0h 30m 12s)

